{"name":"Validated that user is able to login with \"PRO_USER\" user and purchase cleanser product","status":"broken","statusDetails":{"known":false,"muted":false,"flaky":false,"message":"element click intercepted: Element <div tabindex=\"0\" role=\"button\" aria-expanded=\"false\" aria-haspopup=\"listbox\" aria-label=\"Without label\" class=\"Mui...-select MuiSelect-outlined MuiOutlinedInput-input MuiInputBase-input css-qiwgdb\">Select</div> is not clickable at point (376, 25). Other element would receive the click: <div class=\"PromotionBanner_header-row__Sb9R1\">...</div>\n  (Session info: chrome=110.0.5481.77)\nBuild info: version: '3.141.59', revision: 'e82be7d358', time: '2018-11-14T08:17:03'\nSystem info: host: 'MAC913334N', ip: '2001:8f8:1623:7ada:d107:8e38:28d5:d852%en0', os.name: 'Mac OS X', os.arch: 'x86_64', os.version: '10.16', java.version: '1.8.0_291'\nDriver info: org.openqa.selenium.chrome.ChromeDriver\nCapabilities {acceptInsecureCerts: true, browserName: chrome, browserVersion: 110.0.5481.77, chrome: {chromedriverVersion: 109.0.5414.74 (e7c5703604da..., userDataDir: /var/folders/rg/qxgzk6vx6s3...}, goog:chromeOptions: {debuggerAddress: localhost:60089}, javascriptEnabled: true, networkConnectionEnabled: false, pageLoadStrategy: normal, platform: MAC, platformName: MAC, proxy: Proxy(), setWindowRect: true, strictFileInteractability: false, timeouts: {implicit: 0, pageLoad: 300000, script: 30000}, unhandledPromptBehavior: dismiss and notify, webauthn:extension:credBlob: true, webauthn:extension:largeBlob: true, webauthn:virtualAuthenticators: true}\nSession ID: fd1f07caa903ef4f9c4870287f1ecea3","trace":"org.openqa.selenium.ElementClickInterceptedException: element click intercepted: Element <div tabindex=\"0\" role=\"button\" aria-expanded=\"false\" aria-haspopup=\"listbox\" aria-label=\"Without label\" class=\"Mui...-select MuiSelect-outlined MuiOutlinedInput-input MuiInputBase-input css-qiwgdb\">Select</div> is not clickable at point (376, 25). Other element would receive the click: <div class=\"PromotionBanner_header-row__Sb9R1\">...</div>\n  (Session info: chrome=110.0.5481.77)\nBuild info: version: '3.141.59', revision: 'e82be7d358', time: '2018-11-14T08:17:03'\nSystem info: host: 'MAC913334N', ip: '2001:8f8:1623:7ada:d107:8e38:28d5:d852%en0', os.name: 'Mac OS X', os.arch: 'x86_64', os.version: '10.16', java.version: '1.8.0_291'\nDriver info: org.openqa.selenium.chrome.ChromeDriver\nCapabilities {acceptInsecureCerts: true, browserName: chrome, browserVersion: 110.0.5481.77, chrome: {chromedriverVersion: 109.0.5414.74 (e7c5703604da..., userDataDir: /var/folders/rg/qxgzk6vx6s3...}, goog:chromeOptions: {debuggerAddress: localhost:60089}, javascriptEnabled: true, networkConnectionEnabled: false, pageLoadStrategy: normal, platform: MAC, platformName: MAC, proxy: Proxy(), setWindowRect: true, strictFileInteractability: false, timeouts: {implicit: 0, pageLoad: 300000, script: 30000}, unhandledPromptBehavior: dismiss and notify, webauthn:extension:credBlob: true, webauthn:extension:largeBlob: true, webauthn:virtualAuthenticators: true}\nSession ID: fd1f07caa903ef4f9c4870287f1ecea3\n\tat sun.reflect.NativeConstructorAccessorImpl.newInstance0(Native Method)\n\tat sun.reflect.NativeConstructorAccessorImpl.newInstance(NativeConstructorAccessorImpl.java:62)\n\tat sun.reflect.DelegatingConstructorAccessorImpl.newInstance(DelegatingConstructorAccessorImpl.java:45)\n\tat java.lang.reflect.Constructor.newInstance(Constructor.java:423)\n\tat org.openqa.selenium.remote.http.W3CHttpResponseCodec.createException(W3CHttpResponseCodec.java:187)\n\tat org.openqa.selenium.remote.http.W3CHttpResponseCodec.decode(W3CHttpResponseCodec.java:122)\n\tat org.openqa.selenium.remote.http.W3CHttpResponseCodec.decode(W3CHttpResponseCodec.java:49)\n\tat org.openqa.selenium.remote.HttpCommandExecutor.execute(HttpCommandExecutor.java:158)\n\tat org.openqa.selenium.remote.service.DriverCommandExecutor.execute(DriverCommandExecutor.java:83)\n\tat org.openqa.selenium.remote.RemoteWebDriver.execute(RemoteWebDriver.java:552)\n\tat org.openqa.selenium.remote.RemoteWebElement.execute(RemoteWebElement.java:285)\n\tat org.openqa.selenium.remote.RemoteWebElement.click(RemoteWebElement.java:84)\n\tat sun.reflect.NativeMethodAccessorImpl.invoke0(Native Method)\n\tat sun.reflect.NativeMethodAccessorImpl.invoke(NativeMethodAccessorImpl.java:62)\n\tat sun.reflect.DelegatingMethodAccessorImpl.invoke(DelegatingMethodAccessorImpl.java:43)\n\tat java.lang.reflect.Method.invoke(Method.java:498)\n\tat org.openqa.selenium.support.pagefactory.internal.LocatingElementHandler.invoke(LocatingElementHandler.java:51)\n\tat com.sun.proxy.$Proxy19.click(Unknown Source)\n\tat glymed.pageobjects.loginandregistration.CheckOutPage.clickChooseShippingOption(CheckOutPage.java:81)\n\tat com.glymed.stepDefinition.CheckOutSteps.userSelectTheShippingOptionAsStandard(CheckOutSteps.java:37)\n\tat ✽.user select the shipping option as standard(src/test/java/com/glymed/features/Login.feature:23)\n"},"stage":"finished","steps":[{"name":"Given  user navigate to glymed home page","status":"passed","statusDetails":{"known":false,"muted":false,"flaky":false},"stage":"finished","steps":[],"attachments":[],"parameters":[],"start":1676472753485,"stop":1676472754877},{"name":"Then  validate user is present on sign in screen","status":"passed","statusDetails":{"known":false,"muted":false,"flaky":false},"stage":"finished","steps":[],"attachments":[],"parameters":[],"start":1676472755310,"stop":1676472755416},{"name":"When  user enters the user name as \"PRO_USER\"","status":"passed","statusDetails":{"known":false,"muted":false,"flaky":false},"stage":"finished","steps":[],"attachments":[],"parameters":[],"start":1676472755855,"stop":1676472756024},{"name":"Then  user enters the password as \"PRO_PASSWORD\"","status":"passed","statusDetails":{"known":false,"muted":false,"flaky":false},"stage":"finished","steps":[],"attachments":[],"parameters":[],"start":1676472756427,"stop":1676472756491},{"name":"And  user click on sign in button","status":"passed","statusDetails":{"known":false,"muted":false,"flaky":false},"stage":"finished","steps":[],"attachments":[],"parameters":[],"start":1676472757038,"stop":1676472757103},{"name":"Then  validate that user is present on dashboard Page","status":"passed","statusDetails":{"known":false,"muted":false,"flaky":false},"stage":"finished","steps":[],"attachments":[],"parameters":[],"start":1676472757622,"stop":1676472757764},{"name":"When  user click on products option from the dashboard","status":"passed","statusDetails":{"known":false,"muted":false,"flaky":false},"stage":"finished","steps":[],"attachments":[],"parameters":[],"start":1676472758212,"stop":1676472758269},{"name":"And  validate that user can see addictive label","status":"passed","statusDetails":{"known":false,"muted":false,"flaky":false},"stage":"finished","steps":[],"attachments":[],"parameters":[],"start":1676472758736,"stop":1676472768841},{"name":"Then  user selects the category as Cleanser","status":"passed","statusDetails":{"known":false,"muted":false,"flaky":false},"stage":"finished","steps":[],"attachments":[],"parameters":[],"start":1676472770890,"stop":1676472770961},{"name":"And  validate cleanser title is displayed","status":"passed","statusDetails":{"known":false,"muted":false,"flaky":false},"stage":"finished","steps":[],"attachments":[],"parameters":[],"start":1676472772559,"stop":1676472772584},{"name":"Then  user selects first cleanser product","status":"passed","statusDetails":{"known":false,"muted":false,"flaky":false},"stage":"finished","steps":[],"attachments":[],"parameters":[],"start":1676472774900,"stop":1676472775325},{"name":"Then  mave down to the back bar option","status":"passed","statusDetails":{"known":false,"muted":false,"flaky":false},"stage":"finished","steps":[],"attachments":[],"parameters":[],"start":1676472775883,"stop":1676472778922},{"name":"And  set the trial and travel values as \"2\"","status":"passed","statusDetails":{"known":false,"muted":false,"flaky":false},"stage":"finished","steps":[],"attachments":[],"parameters":[],"start":1676472779535,"stop":1676472779686},{"name":"When  user click on add to cart button","status":"passed","statusDetails":{"known":false,"muted":false,"flaky":false},"stage":"finished","steps":[],"attachments":[],"parameters":[],"start":1676472780248,"stop":1676472780573},{"name":"Then  validate checkout screen is displayed and validate the amount","status":"passed","statusDetails":{"known":false,"muted":false,"flaky":false},"stage":"finished","steps":[],"attachments":[],"parameters":[],"start":1676472781299,"stop":1676472781385},{"name":"And  user click on checkout button","status":"passed","statusDetails":{"known":false,"muted":false,"flaky":false},"stage":"finished","steps":[],"attachments":[],"parameters":[],"start":1676472782104,"stop":1676472782170},{"name":"And  validate user is navigated to checkout screen","status":"passed","statusDetails":{"known":false,"muted":false,"flaky":false},"stage":"finished","steps":[],"attachments":[],"parameters":[],"start":1676472782732,"stop":1676472784405},{"name":"Then  user select the shipping option as standard","status":"broken","statusDetails":{"known":false,"muted":false,"flaky":false,"message":"element click intercepted: Element <div tabindex=\"0\" role=\"button\" aria-expanded=\"false\" aria-haspopup=\"listbox\" aria-label=\"Without label\" class=\"Mui...-select MuiSelect-outlined MuiOutlinedInput-input MuiInputBase-input css-qiwgdb\">Select</div> is not clickable at point (376, 25). Other element would receive the click: <div class=\"PromotionBanner_header-row__Sb9R1\">...</div>\n  (Session info: chrome=110.0.5481.77)\nBuild info: version: '3.141.59', revision: 'e82be7d358', time: '2018-11-14T08:17:03'\nSystem info: host: 'MAC913334N', ip: '2001:8f8:1623:7ada:d107:8e38:28d5:d852%en0', os.name: 'Mac OS X', os.arch: 'x86_64', os.version: '10.16', java.version: '1.8.0_291'\nDriver info: org.openqa.selenium.chrome.ChromeDriver\nCapabilities {acceptInsecureCerts: true, browserName: chrome, browserVersion: 110.0.5481.77, chrome: {chromedriverVersion: 109.0.5414.74 (e7c5703604da..., userDataDir: /var/folders/rg/qxgzk6vx6s3...}, goog:chromeOptions: {debuggerAddress: localhost:60089}, javascriptEnabled: true, networkConnectionEnabled: false, pageLoadStrategy: normal, platform: MAC, platformName: MAC, proxy: Proxy(), setWindowRect: true, strictFileInteractability: false, timeouts: {implicit: 0, pageLoad: 300000, script: 30000}, unhandledPromptBehavior: dismiss and notify, webauthn:extension:credBlob: true, webauthn:extension:largeBlob: true, webauthn:virtualAuthenticators: true}\nSession ID: fd1f07caa903ef4f9c4870287f1ecea3","trace":"org.openqa.selenium.ElementClickInterceptedException: element click intercepted: Element <div tabindex=\"0\" role=\"button\" aria-expanded=\"false\" aria-haspopup=\"listbox\" aria-label=\"Without label\" class=\"Mui...-select MuiSelect-outlined MuiOutlinedInput-input MuiInputBase-input css-qiwgdb\">Select</div> is not clickable at point (376, 25). Other element would receive the click: <div class=\"PromotionBanner_header-row__Sb9R1\">...</div>\n  (Session info: chrome=110.0.5481.77)\nBuild info: version: '3.141.59', revision: 'e82be7d358', time: '2018-11-14T08:17:03'\nSystem info: host: 'MAC913334N', ip: '2001:8f8:1623:7ada:d107:8e38:28d5:d852%en0', os.name: 'Mac OS X', os.arch: 'x86_64', os.version: '10.16', java.version: '1.8.0_291'\nDriver info: org.openqa.selenium.chrome.ChromeDriver\nCapabilities {acceptInsecureCerts: true, browserName: chrome, browserVersion: 110.0.5481.77, chrome: {chromedriverVersion: 109.0.5414.74 (e7c5703604da..., userDataDir: /var/folders/rg/qxgzk6vx6s3...}, goog:chromeOptions: {debuggerAddress: localhost:60089}, javascriptEnabled: true, networkConnectionEnabled: false, pageLoadStrategy: normal, platform: MAC, platformName: MAC, proxy: Proxy(), setWindowRect: true, strictFileInteractability: false, timeouts: {implicit: 0, pageLoad: 300000, script: 30000}, unhandledPromptBehavior: dismiss and notify, webauthn:extension:credBlob: true, webauthn:extension:largeBlob: true, webauthn:virtualAuthenticators: true}\nSession ID: fd1f07caa903ef4f9c4870287f1ecea3\n\tat sun.reflect.NativeConstructorAccessorImpl.newInstance0(Native Method)\n\tat sun.reflect.NativeConstructorAccessorImpl.newInstance(NativeConstructorAccessorImpl.java:62)\n\tat sun.reflect.DelegatingConstructorAccessorImpl.newInstance(DelegatingConstructorAccessorImpl.java:45)\n\tat java.lang.reflect.Constructor.newInstance(Constructor.java:423)\n\tat org.openqa.selenium.remote.http.W3CHttpResponseCodec.createException(W3CHttpResponseCodec.java:187)\n\tat org.openqa.selenium.remote.http.W3CHttpResponseCodec.decode(W3CHttpResponseCodec.java:122)\n\tat org.openqa.selenium.remote.http.W3CHttpResponseCodec.decode(W3CHttpResponseCodec.java:49)\n\tat org.openqa.selenium.remote.HttpCommandExecutor.execute(HttpCommandExecutor.java:158)\n\tat org.openqa.selenium.remote.service.DriverCommandExecutor.execute(DriverCommandExecutor.java:83)\n\tat org.openqa.selenium.remote.RemoteWebDriver.execute(RemoteWebDriver.java:552)\n\tat org.openqa.selenium.remote.RemoteWebElement.execute(RemoteWebElement.java:285)\n\tat org.openqa.selenium.remote.RemoteWebElement.click(RemoteWebElement.java:84)\n\tat sun.reflect.NativeMethodAccessorImpl.invoke0(Native Method)\n\tat sun.reflect.NativeMethodAccessorImpl.invoke(NativeMethodAccessorImpl.java:62)\n\tat sun.reflect.DelegatingMethodAccessorImpl.invoke(DelegatingMethodAccessorImpl.java:43)\n\tat java.lang.reflect.Method.invoke(Method.java:498)\n\tat org.openqa.selenium.support.pagefactory.internal.LocatingElementHandler.invoke(LocatingElementHandler.java:51)\n\tat com.sun.proxy.$Proxy19.click(Unknown Source)\n\tat glymed.pageobjects.loginandregistration.CheckOutPage.clickChooseShippingOption(CheckOutPage.java:81)\n\tat com.glymed.stepDefinition.CheckOutSteps.userSelectTheShippingOptionAsStandard(CheckOutSteps.java:37)\n\tat ✽.user select the shipping option as standard(src/test/java/com/glymed/features/Login.feature:23)\n"},"stage":"finished","steps":[],"attachments":[],"parameters":[],"start":1676472785311,"stop":1676472786387},{"name":"And  user enter the instruction as \"Please ship it as soon as possible\"","status":"skipped","statusDetails":{"known":false,"muted":false,"flaky":false},"stage":"finished","steps":[],"attachments":[],"parameters":[],"start":1676472787155,"stop":1676472787155}],"attachments":[],"parameters":[],"start":1676472738150,"stop":1676472825867,"uuid":"17f78a1e-af7b-46b1-8aa8-17ee3cfa114a","historyId":"f6a8bc5a91cbb8cac4589e1ec01b866e","fullName":"Login and Registration scenarios: Validated that user is able to login with \"PRO_USER\" user and purchase cleanser product","labels":[{"name":"feature","value":"Login and Registration scenarios"},{"name":"story","value":"Validated that user is able to login with \"PRO_USER\" user and purchase cleanser product"},{"name":"tag","value":"GlyMed"},{"name":"tag","value":"proUserLogin"},{"name":"host","value":"MAC913334N"},{"name":"thread","value":"19621@MAC913334N.main(1)"},{"name":"package","value":"Login and Registration scenarios"},{"name":"suite","value":"Login and Registration scenarios"},{"name":"testClass","value":"Validated that user is able to login with \"PRO_USER\" user and purchase cleanser product"},{"name":"framework","value":"cucumber4jvm"},{"name":"language","value":"java"}],"links":[]}