{"name":"Validated that user is able to login with \"PRO_USER\" user and purchase cleanser product","status":"broken","statusDetails":{"known":false,"muted":false,"flaky":false,"message":"invalid selector: Unable to locate an element with the xpath expression //h5[contains(text(),'Please verify your shipping address prior to finalizing your order.')]//h6[contains(text(),'Shipping')])[1] because of the following error:\nSyntaxError: Failed to execute 'evaluate' on 'Document': The string '//h5[contains(text(),'Please verify your shipping address prior to finalizing your order.')]//h6[contains(text(),'Shipping')])[1]' is not a valid XPath expression.\n  (Session info: chrome=110.0.5481.77)\nFor documentation on this error, please visit: https://www.seleniumhq.org/exceptions/invalid_selector_exception.html\nBuild info: version: '3.141.59', revision: 'e82be7d358', time: '2018-11-14T08:17:03'\nSystem info: host: 'MAC913334N', ip: 'fe80:0:0:0:1c16:504a:79ed:d9be%en0', os.name: 'Mac OS X', os.arch: 'x86_64', os.version: '10.16', java.version: '1.8.0_291'\nDriver info: org.openqa.selenium.chrome.ChromeDriver\nCapabilities {acceptInsecureCerts: true, browserName: chrome, browserVersion: 110.0.5481.77, chrome: {chromedriverVersion: 109.0.5414.74 (e7c5703604da..., userDataDir: /var/folders/rg/qxgzk6vx6s3...}, goog:chromeOptions: {debuggerAddress: localhost:54610}, javascriptEnabled: true, networkConnectionEnabled: false, pageLoadStrategy: normal, platform: MAC, platformName: MAC, proxy: Proxy(), setWindowRect: true, strictFileInteractability: false, timeouts: {implicit: 0, pageLoad: 300000, script: 30000}, unhandledPromptBehavior: dismiss and notify, webauthn:extension:credBlob: true, webauthn:extension:largeBlob: true, webauthn:virtualAuthenticators: true}\nSession ID: 4810c24c5e7c7d44fe0a785270483fc5\n*** Element info: {Using=xpath, value=//h5[contains(text(),'Please verify your shipping address prior to finalizing your order.')]//h6[contains(text(),'Shipping')])[1]}","trace":"org.openqa.selenium.InvalidSelectorException: invalid selector: Unable to locate an element with the xpath expression //h5[contains(text(),'Please verify your shipping address prior to finalizing your order.')]//h6[contains(text(),'Shipping')])[1] because of the following error:\nSyntaxError: Failed to execute 'evaluate' on 'Document': The string '//h5[contains(text(),'Please verify your shipping address prior to finalizing your order.')]//h6[contains(text(),'Shipping')])[1]' is not a valid XPath expression.\n  (Session info: chrome=110.0.5481.77)\nFor documentation on this error, please visit: https://www.seleniumhq.org/exceptions/invalid_selector_exception.html\nBuild info: version: '3.141.59', revision: 'e82be7d358', time: '2018-11-14T08:17:03'\nSystem info: host: 'MAC913334N', ip: 'fe80:0:0:0:1c16:504a:79ed:d9be%en0', os.name: 'Mac OS X', os.arch: 'x86_64', os.version: '10.16', java.version: '1.8.0_291'\nDriver info: org.openqa.selenium.chrome.ChromeDriver\nCapabilities {acceptInsecureCerts: true, browserName: chrome, browserVersion: 110.0.5481.77, chrome: {chromedriverVersion: 109.0.5414.74 (e7c5703604da..., userDataDir: /var/folders/rg/qxgzk6vx6s3...}, goog:chromeOptions: {debuggerAddress: localhost:54610}, javascriptEnabled: true, networkConnectionEnabled: false, pageLoadStrategy: normal, platform: MAC, platformName: MAC, proxy: Proxy(), setWindowRect: true, strictFileInteractability: false, timeouts: {implicit: 0, pageLoad: 300000, script: 30000}, unhandledPromptBehavior: dismiss and notify, webauthn:extension:credBlob: true, webauthn:extension:largeBlob: true, webauthn:virtualAuthenticators: true}\nSession ID: 4810c24c5e7c7d44fe0a785270483fc5\n*** Element info: {Using=xpath, value=//h5[contains(text(),'Please verify your shipping address prior to finalizing your order.')]//h6[contains(text(),'Shipping')])[1]}\n\tat sun.reflect.NativeConstructorAccessorImpl.newInstance0(Native Method)\n\tat sun.reflect.NativeConstructorAccessorImpl.newInstance(NativeConstructorAccessorImpl.java:62)\n\tat sun.reflect.DelegatingConstructorAccessorImpl.newInstance(DelegatingConstructorAccessorImpl.java:45)\n\tat java.lang.reflect.Constructor.newInstance(Constructor.java:423)\n\tat org.openqa.selenium.remote.http.W3CHttpResponseCodec.createException(W3CHttpResponseCodec.java:187)\n\tat org.openqa.selenium.remote.http.W3CHttpResponseCodec.decode(W3CHttpResponseCodec.java:122)\n\tat org.openqa.selenium.remote.http.W3CHttpResponseCodec.decode(W3CHttpResponseCodec.java:49)\n\tat org.openqa.selenium.remote.HttpCommandExecutor.execute(HttpCommandExecutor.java:158)\n\tat org.openqa.selenium.remote.service.DriverCommandExecutor.execute(DriverCommandExecutor.java:83)\n\tat org.openqa.selenium.remote.RemoteWebDriver.execute(RemoteWebDriver.java:552)\n\tat org.openqa.selenium.remote.RemoteWebDriver.findElement(RemoteWebDriver.java:323)\n\tat org.openqa.selenium.remote.RemoteWebDriver.findElementByXPath(RemoteWebDriver.java:428)\n\tat org.openqa.selenium.By$ByXPath.findElement(By.java:353)\n\tat org.openqa.selenium.remote.RemoteWebDriver.findElement(RemoteWebDriver.java:315)\n\tat org.openqa.selenium.support.pagefactory.DefaultElementLocator.findElement(DefaultElementLocator.java:69)\n\tat org.openqa.selenium.support.pagefactory.internal.LocatingElementHandler.invoke(LocatingElementHandler.java:38)\n\tat com.sun.proxy.$Proxy19.isDisplayed(Unknown Source)\n\tat glymed.pageobjects.loginandregistration.CheckOutPage.validateCheckOutScreen(CheckOutPage.java:73)\n\tat com.glymed.stepDefinition.CheckOutSteps.validateUserIsNavigatedToCheckoutScreen(CheckOutSteps.java:31)\n\tat ✽.validate user is navigated to checkout screen(src/test/java/com/glymed/features/Login.feature:22)\n"},"stage":"finished","steps":[{"name":"Given  user navigate to glymed home page","status":"passed","statusDetails":{"known":false,"muted":false,"flaky":false},"stage":"finished","steps":[],"attachments":[],"parameters":[],"start":1676295019372,"stop":1676295021136},{"name":"Then  validate user is present on sign in screen","status":"passed","statusDetails":{"known":false,"muted":false,"flaky":false},"stage":"finished","steps":[],"attachments":[],"parameters":[],"start":1676295021677,"stop":1676295021809},{"name":"When  user enters the user name as \"PRO_USER\"","status":"passed","statusDetails":{"known":false,"muted":false,"flaky":false},"stage":"finished","steps":[],"attachments":[],"parameters":[],"start":1676295022275,"stop":1676295022437},{"name":"Then  user enters the password as \"PRO_PASSWORD\"","status":"passed","statusDetails":{"known":false,"muted":false,"flaky":false},"stage":"finished","steps":[],"attachments":[],"parameters":[],"start":1676295022879,"stop":1676295022955},{"name":"And  user click on sign in button","status":"passed","statusDetails":{"known":false,"muted":false,"flaky":false},"stage":"finished","steps":[],"attachments":[],"parameters":[],"start":1676295023366,"stop":1676295023439},{"name":"Then  validate that user is present on dashboard Page","status":"passed","statusDetails":{"known":false,"muted":false,"flaky":false},"stage":"finished","steps":[],"attachments":[],"parameters":[],"start":1676295024102,"stop":1676295024156},{"name":"When  user click on products option from the dashboard","status":"passed","statusDetails":{"known":false,"muted":false,"flaky":false},"stage":"finished","steps":[],"attachments":[],"parameters":[],"start":1676295024607,"stop":1676295024788},{"name":"And  validate that user can see addictive label","status":"passed","statusDetails":{"known":false,"muted":false,"flaky":false},"stage":"finished","steps":[],"attachments":[],"parameters":[],"start":1676295025298,"stop":1676295035395},{"name":"Then  user selects the category as Cleanser","status":"passed","statusDetails":{"known":false,"muted":false,"flaky":false},"stage":"finished","steps":[],"attachments":[],"parameters":[],"start":1676295037449,"stop":1676295037527},{"name":"And  validate cleanser title is displayed","status":"passed","statusDetails":{"known":false,"muted":false,"flaky":false},"stage":"finished","steps":[],"attachments":[],"parameters":[],"start":1676295039368,"stop":1676295039390},{"name":"Then  user selects first cleanser product","status":"passed","statusDetails":{"known":false,"muted":false,"flaky":false},"stage":"finished","steps":[],"attachments":[],"parameters":[],"start":1676295041702,"stop":1676295041890},{"name":"Then  mave down to the back bar option","status":"passed","statusDetails":{"known":false,"muted":false,"flaky":false},"stage":"finished","steps":[],"attachments":[],"parameters":[],"start":1676295042345,"stop":1676295042769},{"name":"And  set the trial and travel values as \"2\"","status":"passed","statusDetails":{"known":false,"muted":false,"flaky":false},"stage":"finished","steps":[],"attachments":[],"parameters":[],"start":1676295043235,"stop":1676295043392},{"name":"When  user click on add to cart button","status":"passed","statusDetails":{"known":false,"muted":false,"flaky":false},"stage":"finished","steps":[],"attachments":[],"parameters":[],"start":1676295043816,"stop":1676295043947},{"name":"Then  validate checkout screen is displayed and validate the amount","status":"passed","statusDetails":{"known":false,"muted":false,"flaky":false},"stage":"finished","steps":[],"attachments":[],"parameters":[],"start":1676295044491,"stop":1676295044563},{"name":"And  user click on checkout button","status":"passed","statusDetails":{"known":false,"muted":false,"flaky":false},"stage":"finished","steps":[],"attachments":[],"parameters":[],"start":1676295045109,"stop":1676295045163},{"name":"And  validate user is navigated to checkout screen","status":"broken","statusDetails":{"known":false,"muted":false,"flaky":false,"message":"invalid selector: Unable to locate an element with the xpath expression //h5[contains(text(),'Please verify your shipping address prior to finalizing your order.')]//h6[contains(text(),'Shipping')])[1] because of the following error:\nSyntaxError: Failed to execute 'evaluate' on 'Document': The string '//h5[contains(text(),'Please verify your shipping address prior to finalizing your order.')]//h6[contains(text(),'Shipping')])[1]' is not a valid XPath expression.\n  (Session info: chrome=110.0.5481.77)\nFor documentation on this error, please visit: https://www.seleniumhq.org/exceptions/invalid_selector_exception.html\nBuild info: version: '3.141.59', revision: 'e82be7d358', time: '2018-11-14T08:17:03'\nSystem info: host: 'MAC913334N', ip: 'fe80:0:0:0:1c16:504a:79ed:d9be%en0', os.name: 'Mac OS X', os.arch: 'x86_64', os.version: '10.16', java.version: '1.8.0_291'\nDriver info: org.openqa.selenium.chrome.ChromeDriver\nCapabilities {acceptInsecureCerts: true, browserName: chrome, browserVersion: 110.0.5481.77, chrome: {chromedriverVersion: 109.0.5414.74 (e7c5703604da..., userDataDir: /var/folders/rg/qxgzk6vx6s3...}, goog:chromeOptions: {debuggerAddress: localhost:54610}, javascriptEnabled: true, networkConnectionEnabled: false, pageLoadStrategy: normal, platform: MAC, platformName: MAC, proxy: Proxy(), setWindowRect: true, strictFileInteractability: false, timeouts: {implicit: 0, pageLoad: 300000, script: 30000}, unhandledPromptBehavior: dismiss and notify, webauthn:extension:credBlob: true, webauthn:extension:largeBlob: true, webauthn:virtualAuthenticators: true}\nSession ID: 4810c24c5e7c7d44fe0a785270483fc5\n*** Element info: {Using=xpath, value=//h5[contains(text(),'Please verify your shipping address prior to finalizing your order.')]//h6[contains(text(),'Shipping')])[1]}","trace":"org.openqa.selenium.InvalidSelectorException: invalid selector: Unable to locate an element with the xpath expression //h5[contains(text(),'Please verify your shipping address prior to finalizing your order.')]//h6[contains(text(),'Shipping')])[1] because of the following error:\nSyntaxError: Failed to execute 'evaluate' on 'Document': The string '//h5[contains(text(),'Please verify your shipping address prior to finalizing your order.')]//h6[contains(text(),'Shipping')])[1]' is not a valid XPath expression.\n  (Session info: chrome=110.0.5481.77)\nFor documentation on this error, please visit: https://www.seleniumhq.org/exceptions/invalid_selector_exception.html\nBuild info: version: '3.141.59', revision: 'e82be7d358', time: '2018-11-14T08:17:03'\nSystem info: host: 'MAC913334N', ip: 'fe80:0:0:0:1c16:504a:79ed:d9be%en0', os.name: 'Mac OS X', os.arch: 'x86_64', os.version: '10.16', java.version: '1.8.0_291'\nDriver info: org.openqa.selenium.chrome.ChromeDriver\nCapabilities {acceptInsecureCerts: true, browserName: chrome, browserVersion: 110.0.5481.77, chrome: {chromedriverVersion: 109.0.5414.74 (e7c5703604da..., userDataDir: /var/folders/rg/qxgzk6vx6s3...}, goog:chromeOptions: {debuggerAddress: localhost:54610}, javascriptEnabled: true, networkConnectionEnabled: false, pageLoadStrategy: normal, platform: MAC, platformName: MAC, proxy: Proxy(), setWindowRect: true, strictFileInteractability: false, timeouts: {implicit: 0, pageLoad: 300000, script: 30000}, unhandledPromptBehavior: dismiss and notify, webauthn:extension:credBlob: true, webauthn:extension:largeBlob: true, webauthn:virtualAuthenticators: true}\nSession ID: 4810c24c5e7c7d44fe0a785270483fc5\n*** Element info: {Using=xpath, value=//h5[contains(text(),'Please verify your shipping address prior to finalizing your order.')]//h6[contains(text(),'Shipping')])[1]}\n\tat sun.reflect.NativeConstructorAccessorImpl.newInstance0(Native Method)\n\tat sun.reflect.NativeConstructorAccessorImpl.newInstance(NativeConstructorAccessorImpl.java:62)\n\tat sun.reflect.DelegatingConstructorAccessorImpl.newInstance(DelegatingConstructorAccessorImpl.java:45)\n\tat java.lang.reflect.Constructor.newInstance(Constructor.java:423)\n\tat org.openqa.selenium.remote.http.W3CHttpResponseCodec.createException(W3CHttpResponseCodec.java:187)\n\tat org.openqa.selenium.remote.http.W3CHttpResponseCodec.decode(W3CHttpResponseCodec.java:122)\n\tat org.openqa.selenium.remote.http.W3CHttpResponseCodec.decode(W3CHttpResponseCodec.java:49)\n\tat org.openqa.selenium.remote.HttpCommandExecutor.execute(HttpCommandExecutor.java:158)\n\tat org.openqa.selenium.remote.service.DriverCommandExecutor.execute(DriverCommandExecutor.java:83)\n\tat org.openqa.selenium.remote.RemoteWebDriver.execute(RemoteWebDriver.java:552)\n\tat org.openqa.selenium.remote.RemoteWebDriver.findElement(RemoteWebDriver.java:323)\n\tat org.openqa.selenium.remote.RemoteWebDriver.findElementByXPath(RemoteWebDriver.java:428)\n\tat org.openqa.selenium.By$ByXPath.findElement(By.java:353)\n\tat org.openqa.selenium.remote.RemoteWebDriver.findElement(RemoteWebDriver.java:315)\n\tat org.openqa.selenium.support.pagefactory.DefaultElementLocator.findElement(DefaultElementLocator.java:69)\n\tat org.openqa.selenium.support.pagefactory.internal.LocatingElementHandler.invoke(LocatingElementHandler.java:38)\n\tat com.sun.proxy.$Proxy19.isDisplayed(Unknown Source)\n\tat glymed.pageobjects.loginandregistration.CheckOutPage.validateCheckOutScreen(CheckOutPage.java:73)\n\tat com.glymed.stepDefinition.CheckOutSteps.validateUserIsNavigatedToCheckoutScreen(CheckOutSteps.java:31)\n\tat ✽.validate user is navigated to checkout screen(src/test/java/com/glymed/features/Login.feature:22)\n"},"stage":"finished","steps":[],"attachments":[],"parameters":[],"start":1676295045690,"stop":1676295046774},{"name":"Then  user select the shipping option as standard","status":"skipped","statusDetails":{"known":false,"muted":false,"flaky":false},"stage":"finished","steps":[],"attachments":[],"parameters":[],"start":1676295047270,"stop":1676295047271}],"attachments":[],"parameters":[],"start":1676295012993,"stop":1676295081481,"uuid":"3ab4332c-81f0-4d3d-99d5-c1cf4727f053","historyId":"f6a8bc5a91cbb8cac4589e1ec01b866e","fullName":"Login and Registration scenarios: Validated that user is able to login with \"PRO_USER\" user and purchase cleanser product","labels":[{"name":"feature","value":"Login and Registration scenarios"},{"name":"story","value":"Validated that user is able to login with \"PRO_USER\" user and purchase cleanser product"},{"name":"tag","value":"GlyMed"},{"name":"tag","value":"proUserLogin"},{"name":"host","value":"MAC913334N"},{"name":"thread","value":"16999@MAC913334N.main(1)"},{"name":"package","value":"Login and Registration scenarios"},{"name":"suite","value":"Login and Registration scenarios"},{"name":"testClass","value":"Validated that user is able to login with \"PRO_USER\" user and purchase cleanser product"},{"name":"framework","value":"cucumber4jvm"},{"name":"language","value":"java"}],"links":[]}