{"name":"Validated that user is able to login with \"PRO_USER\" user and purchase cleanser product","status":"broken","statusDetails":{"known":false,"muted":false,"flaky":false,"message":"invalid selector: Unable to locate an element with the xpath expression //h5[contains(text(),'Please verify your shipping address prior to finalizing your order.')]//h6[contains(text(),'Shipping')])[1] because of the following error:\nSyntaxError: Failed to execute 'evaluate' on 'Document': The string '//h5[contains(text(),'Please verify your shipping address prior to finalizing your order.')]//h6[contains(text(),'Shipping')])[1]' is not a valid XPath expression.\n  (Session info: chrome=110.0.5481.77)\nFor documentation on this error, please visit: https://www.seleniumhq.org/exceptions/invalid_selector_exception.html\nBuild info: version: '3.141.59', revision: 'e82be7d358', time: '2018-11-14T08:17:03'\nSystem info: host: 'MAC913334N', ip: 'fe80:0:0:0:1c16:504a:79ed:d9be%en0', os.name: 'Mac OS X', os.arch: 'x86_64', os.version: '10.16', java.version: '1.8.0_291'\nDriver info: org.openqa.selenium.chrome.ChromeDriver\nCapabilities {acceptInsecureCerts: true, browserName: chrome, browserVersion: 110.0.5481.77, chrome: {chromedriverVersion: 109.0.5414.74 (e7c5703604da..., userDataDir: /var/folders/rg/qxgzk6vx6s3...}, goog:chromeOptions: {debuggerAddress: localhost:55144}, javascriptEnabled: true, networkConnectionEnabled: false, pageLoadStrategy: normal, platform: MAC, platformName: MAC, proxy: Proxy(), setWindowRect: true, strictFileInteractability: false, timeouts: {implicit: 0, pageLoad: 300000, script: 30000}, unhandledPromptBehavior: dismiss and notify, webauthn:extension:credBlob: true, webauthn:extension:largeBlob: true, webauthn:virtualAuthenticators: true}\nSession ID: 5ec67756e084480f2b9daa4dd491b4b6\n*** Element info: {Using=xpath, value=//h5[contains(text(),'Please verify your shipping address prior to finalizing your order.')]//h6[contains(text(),'Shipping')])[1]}","trace":"org.openqa.selenium.InvalidSelectorException: invalid selector: Unable to locate an element with the xpath expression //h5[contains(text(),'Please verify your shipping address prior to finalizing your order.')]//h6[contains(text(),'Shipping')])[1] because of the following error:\nSyntaxError: Failed to execute 'evaluate' on 'Document': The string '//h5[contains(text(),'Please verify your shipping address prior to finalizing your order.')]//h6[contains(text(),'Shipping')])[1]' is not a valid XPath expression.\n  (Session info: chrome=110.0.5481.77)\nFor documentation on this error, please visit: https://www.seleniumhq.org/exceptions/invalid_selector_exception.html\nBuild info: version: '3.141.59', revision: 'e82be7d358', time: '2018-11-14T08:17:03'\nSystem info: host: 'MAC913334N', ip: 'fe80:0:0:0:1c16:504a:79ed:d9be%en0', os.name: 'Mac OS X', os.arch: 'x86_64', os.version: '10.16', java.version: '1.8.0_291'\nDriver info: org.openqa.selenium.chrome.ChromeDriver\nCapabilities {acceptInsecureCerts: true, browserName: chrome, browserVersion: 110.0.5481.77, chrome: {chromedriverVersion: 109.0.5414.74 (e7c5703604da..., userDataDir: /var/folders/rg/qxgzk6vx6s3...}, goog:chromeOptions: {debuggerAddress: localhost:55144}, javascriptEnabled: true, networkConnectionEnabled: false, pageLoadStrategy: normal, platform: MAC, platformName: MAC, proxy: Proxy(), setWindowRect: true, strictFileInteractability: false, timeouts: {implicit: 0, pageLoad: 300000, script: 30000}, unhandledPromptBehavior: dismiss and notify, webauthn:extension:credBlob: true, webauthn:extension:largeBlob: true, webauthn:virtualAuthenticators: true}\nSession ID: 5ec67756e084480f2b9daa4dd491b4b6\n*** Element info: {Using=xpath, value=//h5[contains(text(),'Please verify your shipping address prior to finalizing your order.')]//h6[contains(text(),'Shipping')])[1]}\n\tat sun.reflect.NativeConstructorAccessorImpl.newInstance0(Native Method)\n\tat sun.reflect.NativeConstructorAccessorImpl.newInstance(NativeConstructorAccessorImpl.java:62)\n\tat sun.reflect.DelegatingConstructorAccessorImpl.newInstance(DelegatingConstructorAccessorImpl.java:45)\n\tat java.lang.reflect.Constructor.newInstance(Constructor.java:423)\n\tat org.openqa.selenium.remote.http.W3CHttpResponseCodec.createException(W3CHttpResponseCodec.java:187)\n\tat org.openqa.selenium.remote.http.W3CHttpResponseCodec.decode(W3CHttpResponseCodec.java:122)\n\tat org.openqa.selenium.remote.http.W3CHttpResponseCodec.decode(W3CHttpResponseCodec.java:49)\n\tat org.openqa.selenium.remote.HttpCommandExecutor.execute(HttpCommandExecutor.java:158)\n\tat org.openqa.selenium.remote.service.DriverCommandExecutor.execute(DriverCommandExecutor.java:83)\n\tat org.openqa.selenium.remote.RemoteWebDriver.execute(RemoteWebDriver.java:552)\n\tat org.openqa.selenium.remote.RemoteWebDriver.findElement(RemoteWebDriver.java:323)\n\tat org.openqa.selenium.remote.RemoteWebDriver.findElementByXPath(RemoteWebDriver.java:428)\n\tat org.openqa.selenium.By$ByXPath.findElement(By.java:353)\n\tat org.openqa.selenium.remote.RemoteWebDriver.findElement(RemoteWebDriver.java:315)\n\tat org.openqa.selenium.support.pagefactory.DefaultElementLocator.findElement(DefaultElementLocator.java:69)\n\tat org.openqa.selenium.support.pagefactory.internal.LocatingElementHandler.invoke(LocatingElementHandler.java:38)\n\tat com.sun.proxy.$Proxy19.isDisplayed(Unknown Source)\n\tat glymed.pageobjects.loginandregistration.CheckOutPage.validateCheckOutScreen(CheckOutPage.java:73)\n\tat com.glymed.stepDefinition.CheckOutSteps.validateUserIsNavigatedToCheckoutScreen(CheckOutSteps.java:31)\n\tat ✽.validate user is navigated to checkout screen(src/test/java/com/glymed/features/Login.feature:22)\n"},"stage":"finished","steps":[{"name":"Given  user navigate to glymed home page","status":"passed","statusDetails":{"known":false,"muted":false,"flaky":false},"stage":"finished","steps":[],"attachments":[],"parameters":[],"start":1676295134492,"stop":1676295135495},{"name":"Then  validate user is present on sign in screen","status":"passed","statusDetails":{"known":false,"muted":false,"flaky":false},"stage":"finished","steps":[],"attachments":[],"parameters":[],"start":1676295136046,"stop":1676295136175},{"name":"When  user enters the user name as \"PRO_USER\"","status":"passed","statusDetails":{"known":false,"muted":false,"flaky":false},"stage":"finished","steps":[],"attachments":[],"parameters":[],"start":1676295136636,"stop":1676295136784},{"name":"Then  user enters the password as \"PRO_PASSWORD\"","status":"passed","statusDetails":{"known":false,"muted":false,"flaky":false},"stage":"finished","steps":[],"attachments":[],"parameters":[],"start":1676295137189,"stop":1676295137259},{"name":"And  user click on sign in button","status":"passed","statusDetails":{"known":false,"muted":false,"flaky":false},"stage":"finished","steps":[],"attachments":[],"parameters":[],"start":1676295137665,"stop":1676295137740},{"name":"Then  validate that user is present on dashboard Page","status":"passed","statusDetails":{"known":false,"muted":false,"flaky":false},"stage":"finished","steps":[],"attachments":[],"parameters":[],"start":1676295138381,"stop":1676295138420},{"name":"When  user click on products option from the dashboard","status":"passed","statusDetails":{"known":false,"muted":false,"flaky":false},"stage":"finished","steps":[],"attachments":[],"parameters":[],"start":1676295138957,"stop":1676295139015},{"name":"And  validate that user can see addictive label","status":"passed","statusDetails":{"known":false,"muted":false,"flaky":false},"stage":"finished","steps":[],"attachments":[],"parameters":[],"start":1676295139496,"stop":1676295140192},{"name":"Then  user selects the category as Cleanser","status":"passed","statusDetails":{"known":false,"muted":false,"flaky":false},"stage":"finished","steps":[],"attachments":[],"parameters":[],"start":1676295140643,"stop":1676295140724},{"name":"And  validate cleanser title is displayed","status":"passed","statusDetails":{"known":false,"muted":false,"flaky":false},"stage":"finished","steps":[],"attachments":[],"parameters":[],"start":1676295141144,"stop":1676295141464},{"name":"Then  user selects first cleanser product","status":"passed","statusDetails":{"known":false,"muted":false,"flaky":false},"stage":"finished","steps":[],"attachments":[],"parameters":[],"start":1676295141883,"stop":1676295142063},{"name":"Then  mave down to the back bar option","status":"passed","statusDetails":{"known":false,"muted":false,"flaky":false},"stage":"finished","steps":[],"attachments":[],"parameters":[],"start":1676295142533,"stop":1676295142837},{"name":"And  set the trial and travel values as \"2\"","status":"passed","statusDetails":{"known":false,"muted":false,"flaky":false},"stage":"finished","steps":[],"attachments":[],"parameters":[],"start":1676295143353,"stop":1676295143524},{"name":"When  user click on add to cart button","status":"passed","statusDetails":{"known":false,"muted":false,"flaky":false},"stage":"finished","steps":[],"attachments":[],"parameters":[],"start":1676295143951,"stop":1676295144089},{"name":"Then  validate checkout screen is displayed and validate the amount","status":"passed","statusDetails":{"known":false,"muted":false,"flaky":false},"stage":"finished","steps":[],"attachments":[],"parameters":[],"start":1676295144589,"stop":1676295144660},{"name":"And  user click on checkout button","status":"passed","statusDetails":{"known":false,"muted":false,"flaky":false},"stage":"finished","steps":[],"attachments":[],"parameters":[],"start":1676295145122,"stop":1676295145183},{"name":"And  validate user is navigated to checkout screen","status":"broken","statusDetails":{"known":false,"muted":false,"flaky":false,"message":"invalid selector: Unable to locate an element with the xpath expression //h5[contains(text(),'Please verify your shipping address prior to finalizing your order.')]//h6[contains(text(),'Shipping')])[1] because of the following error:\nSyntaxError: Failed to execute 'evaluate' on 'Document': The string '//h5[contains(text(),'Please verify your shipping address prior to finalizing your order.')]//h6[contains(text(),'Shipping')])[1]' is not a valid XPath expression.\n  (Session info: chrome=110.0.5481.77)\nFor documentation on this error, please visit: https://www.seleniumhq.org/exceptions/invalid_selector_exception.html\nBuild info: version: '3.141.59', revision: 'e82be7d358', time: '2018-11-14T08:17:03'\nSystem info: host: 'MAC913334N', ip: 'fe80:0:0:0:1c16:504a:79ed:d9be%en0', os.name: 'Mac OS X', os.arch: 'x86_64', os.version: '10.16', java.version: '1.8.0_291'\nDriver info: org.openqa.selenium.chrome.ChromeDriver\nCapabilities {acceptInsecureCerts: true, browserName: chrome, browserVersion: 110.0.5481.77, chrome: {chromedriverVersion: 109.0.5414.74 (e7c5703604da..., userDataDir: /var/folders/rg/qxgzk6vx6s3...}, goog:chromeOptions: {debuggerAddress: localhost:55144}, javascriptEnabled: true, networkConnectionEnabled: false, pageLoadStrategy: normal, platform: MAC, platformName: MAC, proxy: Proxy(), setWindowRect: true, strictFileInteractability: false, timeouts: {implicit: 0, pageLoad: 300000, script: 30000}, unhandledPromptBehavior: dismiss and notify, webauthn:extension:credBlob: true, webauthn:extension:largeBlob: true, webauthn:virtualAuthenticators: true}\nSession ID: 5ec67756e084480f2b9daa4dd491b4b6\n*** Element info: {Using=xpath, value=//h5[contains(text(),'Please verify your shipping address prior to finalizing your order.')]//h6[contains(text(),'Shipping')])[1]}","trace":"org.openqa.selenium.InvalidSelectorException: invalid selector: Unable to locate an element with the xpath expression //h5[contains(text(),'Please verify your shipping address prior to finalizing your order.')]//h6[contains(text(),'Shipping')])[1] because of the following error:\nSyntaxError: Failed to execute 'evaluate' on 'Document': The string '//h5[contains(text(),'Please verify your shipping address prior to finalizing your order.')]//h6[contains(text(),'Shipping')])[1]' is not a valid XPath expression.\n  (Session info: chrome=110.0.5481.77)\nFor documentation on this error, please visit: https://www.seleniumhq.org/exceptions/invalid_selector_exception.html\nBuild info: version: '3.141.59', revision: 'e82be7d358', time: '2018-11-14T08:17:03'\nSystem info: host: 'MAC913334N', ip: 'fe80:0:0:0:1c16:504a:79ed:d9be%en0', os.name: 'Mac OS X', os.arch: 'x86_64', os.version: '10.16', java.version: '1.8.0_291'\nDriver info: org.openqa.selenium.chrome.ChromeDriver\nCapabilities {acceptInsecureCerts: true, browserName: chrome, browserVersion: 110.0.5481.77, chrome: {chromedriverVersion: 109.0.5414.74 (e7c5703604da..., userDataDir: /var/folders/rg/qxgzk6vx6s3...}, goog:chromeOptions: {debuggerAddress: localhost:55144}, javascriptEnabled: true, networkConnectionEnabled: false, pageLoadStrategy: normal, platform: MAC, platformName: MAC, proxy: Proxy(), setWindowRect: true, strictFileInteractability: false, timeouts: {implicit: 0, pageLoad: 300000, script: 30000}, unhandledPromptBehavior: dismiss and notify, webauthn:extension:credBlob: true, webauthn:extension:largeBlob: true, webauthn:virtualAuthenticators: true}\nSession ID: 5ec67756e084480f2b9daa4dd491b4b6\n*** Element info: {Using=xpath, value=//h5[contains(text(),'Please verify your shipping address prior to finalizing your order.')]//h6[contains(text(),'Shipping')])[1]}\n\tat sun.reflect.NativeConstructorAccessorImpl.newInstance0(Native Method)\n\tat sun.reflect.NativeConstructorAccessorImpl.newInstance(NativeConstructorAccessorImpl.java:62)\n\tat sun.reflect.DelegatingConstructorAccessorImpl.newInstance(DelegatingConstructorAccessorImpl.java:45)\n\tat java.lang.reflect.Constructor.newInstance(Constructor.java:423)\n\tat org.openqa.selenium.remote.http.W3CHttpResponseCodec.createException(W3CHttpResponseCodec.java:187)\n\tat org.openqa.selenium.remote.http.W3CHttpResponseCodec.decode(W3CHttpResponseCodec.java:122)\n\tat org.openqa.selenium.remote.http.W3CHttpResponseCodec.decode(W3CHttpResponseCodec.java:49)\n\tat org.openqa.selenium.remote.HttpCommandExecutor.execute(HttpCommandExecutor.java:158)\n\tat org.openqa.selenium.remote.service.DriverCommandExecutor.execute(DriverCommandExecutor.java:83)\n\tat org.openqa.selenium.remote.RemoteWebDriver.execute(RemoteWebDriver.java:552)\n\tat org.openqa.selenium.remote.RemoteWebDriver.findElement(RemoteWebDriver.java:323)\n\tat org.openqa.selenium.remote.RemoteWebDriver.findElementByXPath(RemoteWebDriver.java:428)\n\tat org.openqa.selenium.By$ByXPath.findElement(By.java:353)\n\tat org.openqa.selenium.remote.RemoteWebDriver.findElement(RemoteWebDriver.java:315)\n\tat org.openqa.selenium.support.pagefactory.DefaultElementLocator.findElement(DefaultElementLocator.java:69)\n\tat org.openqa.selenium.support.pagefactory.internal.LocatingElementHandler.invoke(LocatingElementHandler.java:38)\n\tat com.sun.proxy.$Proxy19.isDisplayed(Unknown Source)\n\tat glymed.pageobjects.loginandregistration.CheckOutPage.validateCheckOutScreen(CheckOutPage.java:73)\n\tat com.glymed.stepDefinition.CheckOutSteps.validateUserIsNavigatedToCheckoutScreen(CheckOutSteps.java:31)\n\tat ✽.validate user is navigated to checkout screen(src/test/java/com/glymed/features/Login.feature:22)\n"},"stage":"finished","steps":[],"attachments":[],"parameters":[],"start":1676295145685,"stop":1676295145955},{"name":"Then  user select the shipping option as standard","status":"skipped","statusDetails":{"known":false,"muted":false,"flaky":false},"stage":"finished","steps":[],"attachments":[],"parameters":[],"start":1676295146486,"stop":1676295146486}],"attachments":[],"parameters":[],"start":1676295129300,"stop":1676295176544,"uuid":"80845ed0-3b6c-4aec-b523-300e0d93bc69","historyId":"f6a8bc5a91cbb8cac4589e1ec01b866e","fullName":"Login and Registration scenarios: Validated that user is able to login with \"PRO_USER\" user and purchase cleanser product","labels":[{"name":"feature","value":"Login and Registration scenarios"},{"name":"story","value":"Validated that user is able to login with \"PRO_USER\" user and purchase cleanser product"},{"name":"tag","value":"GlyMed"},{"name":"tag","value":"proUserLogin"},{"name":"host","value":"MAC913334N"},{"name":"thread","value":"17527@MAC913334N.main(1)"},{"name":"package","value":"Login and Registration scenarios"},{"name":"suite","value":"Login and Registration scenarios"},{"name":"testClass","value":"Validated that user is able to login with \"PRO_USER\" user and purchase cleanser product"},{"name":"framework","value":"cucumber4jvm"},{"name":"language","value":"java"}],"links":[]}